INSERT INTO employees (name, position, department, educational_background, employment_record) 
        VALUES ('John Doe', 'Software Engineer', 'IT', '[{\"level\":\"College\",\"name_of_school\":\"Harvard University\",\"date_attended\":\"2015-2019\",\"degree_earned\":\"B.Sc in Computer Science\"}]', '[{\"date\":\"2020-2023\",\"company\":\"Google\",\"address\":\"California, USA\",\"position\":\"Software Engineer\"}]')
INSERT INTO employees (name, position, department, educational_background, employment_record) 
        VALUES ('John Doe', 'Software Engineer', 'IT', '[{\"level\":\"College\",\"name_of_school\":\"Harvard University\",\"date_attended\":\"2015-2019\",\"degree_earned\":\"B.Sc in Computer Science\"}]', '[{\"date\":\"2020-2023\",\"company\":\"Google\",\"address\":\"California, USA\",\"position\":\"Software Engineer\"}]')
INSERT INTO employees (name, position, department, educational_background, employment_record) 
        VALUES ('CHERS BUNGE', 'Software Engineer', 'IT', '[{\"level\":\"College\",\"name_of_school\":\"Harvard University\",\"date_attended\":\"2015-2019\",\"degree_earned\":\"B.Sc in Computer Science\"}]', '[{\"date\":\"2020-2023\",\"company\":\"Google\",\"address\":\"California, USA\",\"position\":\"Software Engineer\"}]')
INSERT INTO employees (name, position, department, date_hired, address, status, telephone, cellphone, birthdate, birthplace, tin_number, civil_status, sex, sss_number, nationality, weight, height, educational_background, employment_record) 
        VALUES ('asd', 'asd', 'asd', '0333-02-23', '123', '876', '78', '678', '0006-08-07', '76', '786', '786', '78', '6786', '876', '786', '786', '[]', '[]')
INSERT INTO employees (name, position, department, date_hired, address, status, telephone, cellphone, birthdate, birthplace, tin_number, civil_status, sex, sss_number, nationality, weight, height, educational_background, employment_record) 
        VALUES ('asd', 'asd', 'asd', '0023-03-23', '123', '876', '78', '123', '0333-03-23', '76', '786', '786', '78', '6786', '876', '786', '786', '[]', '[]')
INSERT INTO employees (name, position, department, date_hired, address, status, telephone, cellphone, birthdate, birthplace, tin_number, civil_status, sex, sss_number, nationality, weight, height, educational_background, employment_record) 
        VALUES ('CHERS BUNGE', 'Software Engineer', 'IT', '', 'California, USA', 'DIKO ALAM', '239239', '', '', '', '', '', '', '', '', '', '', '[{\"level\":\"College\",\"name_of_school\":\"Harvard University\",\"date_attended\":\"2015-2019\",\"degree_earned\":\"B.Sc in Computer Science\"}]', '[{\"date\":\"2020-2023\",\"company\":\"Google\",\"address\":\"California, USA\",\"position\":\"Software Engineer\"}]')
INSERT INTO employees (name, position, department, date_hired, address, status, telephone, cellphone, birthdate, birthplace, tin_number, civil_status, sex, sss_number, nationality, weight, height, educational_background, employment_record) 
        VALUES ('YUNIK', 'IT SUPP', 'IT DEP', '3333-02-23', 'IMUS', 'OJT', '0939238923', '293209390', '2002-02-25', 'IMUS', '111212121', 'MARRIED', 'MADALAS', '1293901209', 'PINOY', '100', '55', '[]', '[]')
INSERT INTO employees (name, position, department, date_hired, address, status, telephone, cellphone, birthdate, birthplace, tin_number, civil_status, sex, sss_number, nationality, weight, height, educational_background, employment_record) 
        VALUES ('PJ', 'IT SUPP', 'IT DEP', '2001-06-28', 'IMUS', 'OJT', '0939238923', '12212', '2001-02-06', 'IMUS', '123123', 'MARRIED', 'MADALAS', '1293901209', 'PINOY', '100', '55', '[]', '[]')
INSERT INTO employees (name, position, department, date_hired, address, status, telephone, cellphone, birthdate, birthplace, tin_number, civil_status, sex, sss_number, nationality, weight, height, educational_background, employment_record) 
        VALUES ('PJ', 'IT SUPP', 'IT DEP', '3322-03-23', 'IMUS', 'OJT', '0939238923', '13212', '2555-05-02', 'IMUS', '123123', 'MARRIED', 'MADALAS', '1293901209', 'PINOY', '100', '55', '[]', '[]')
INSERT INTO employees (name, position, department, date_hired, address, status, telephone, cellphone, birthdate, birthplace, tin_number, civil_status, sex, sss_number, nationality, weight, height, educational_background, employment_record) 
        VALUES ('asdf', 'i', 'uhu', '0123-03-12', 'iu', 'yi', 'uy', 'uiy', '32332-02-23', 'lkj123l1j2', 'lk', 'jl', 'kj', 'lkj', 'lk', '123', '123', '[]', '[]')
INSERT INTO employees (name, position, department, date_hired, address, status, telephone, cellphone, birthdate, birthplace, tin_number, civil_status, sex, sss_number, nationality, weight, height, educational_background, employment_record) 
        VALUES ('Hans Lawas', 'Software Engineer', 'IT', '', 'California, USA', 'DIKO ALAM', '239239', '123-09', 'LUCENA', '', '', '', '', '', '', '', '', '[{\"level\":\"College\",\"name_of_school\":\"Harvard University\",\"date_attended\":\"2015-2019\",\"degree_earned\":\"B.Sc in Computer Science\"}]', '[{\"date\":\"2020-2023\",\"company\":\"Google\",\"address\":\"California, USA\",\"position\":\"Software Engineer\"}]')
INSERT INTO employees (name, position, department, date_hired, address, status, telephone, cellphone, birthdate, birthplace, tin_number, civil_status, sex, sss_number, nationality, weight, height, educational_background, employment_record) 
        VALUES ('asdf', 'i', 'uhu', '2233-03-23', 'iu', 'yi', 'uy', '123123', '2232-03-23', 'lkj123l1j2', 'lk', 'jl', 'kj', 'lkj', 'lk', '123', '123', '[]', '[]')
INSERT INTO employees (name, position, department, date_hired, address, status, telephone, cellphone, birthdate, birthplace, tin_number, civil_status, sex, sss_number, nationality, weight, height, educational_background, employment_record) 
        VALUES ('Hans Lawas', 'Software Engineer', 'IT', '', 'California, USA', 'DIKO ALAM', '239239', '123-09', 'LUCENA', '', '', '', '', '', '', '', '', '[{\"level\":\"College\",\"name_of_school\":\"Harvard University\",\"date_attended\":\"2015-2019\",\"degree_earned\":\"B.Sc in Computer Science\"}]', '[{\"date\":\"2020-2023\",\"company\":\"Google\",\"address\":\"California, USA\",\"position\":\"Software Engineer\"}]')
INSERT INTO employees (name, position, department, date_hired, address, status, telephone, cellphone, birthdate, birthplace, tin_number, civil_status, sex, sss_number, nationality, weight, height, educational_background, employment_record) 
        VALUES ('Pj Alcera', ' IT ', 'ACCOUTNING', '2025-02-10', 'TechNo park', 'OJT', 'N/A', '091212121221', '2002-06-28', 'IMUS CITY CAVITE', '1111111111', 'SINGLE', 'MADALS DIN', '11121121', 'Pinoy', '95', '55', '[]', '[]')
INSERT INTO employees (name, position, department, date_hired, address, status, telephone, cellphone, birthdate, birthplace, tin_number, civil_status, sex, sss_number, nationality, weight, height, educational_background, employment_record) 
        VALUES ('Hans Lawas', 'Software Engineer', 'IT', '', 'California, USA', 'DIKO ALAM', '239239', '123-09', 'LUCENA', '', '', '', '', '', '', '', '', '[{\"level\":\"College\",\"name_of_school\":\"Harvard University\",\"date_attended\":\"2015-2019\",\"degree_earned\":\"B.Sc in Computer Science\"}]', '[{\"date\":\"2020-2023\",\"company\":\"Google\",\"address\":\"California, USA\",\"position\":\"Software Engineer\"}]')
INSERT INTO employees (name, position, department, date_hired, address, status, telephone, cellphone, birthdate, birthplace, tin_number, civil_status, sex, sss_number, nationality, weight, height, educational_background, employment_record) 
        VALUES ('123', '12312', '89139', '9992-02-08', '123', '123', '291', '9123', '0323-02-19', '1239123', '88888', '98', '90', '890', '908', '098', '09', '[]', '[]')
INSERT INTO employees (name, position, department, date_hired, address, status, telephone, cellphone, birthdate, birthplace, tin_number, civil_status, sex, sss_number, nationality, weight, height, educational_background, employment_record) 
        VALUES ('909', '8', '908', '8090-09-09', '908', '098', '90', '8', '1220-08-09', '0-', '9-', '09', '-0', '9-0', '9', '0', '09', '[]', '[]')
INSERT INTO employees (name, position, department, date_hired, address, status, telephone, cellphone, birthdate, birthplace, tin_number, civil_status, sex, sss_number, nationality, weight, height, educational_background, employment_record) 
        VALUES ('23123', '87', '798', '8887-07-07', '87998', '7', '8979', '87', '8778-07-08', '78798', '789', '7', '897', '8', '789', '798', '7', '[]', '[]')
INSERT INTO employees (name, position, department, date_hired, address, status, telephone, cellphone, birthdate, birthplace, tin_number, civil_status, sex, sss_number, nationality, weight, height, educational_background, employment_record) 
        VALUES ('213', '8', '7', '0089-09-08', '789', '7', '987', '89', '8897-09-07', '8789', '7', '987', '98', '789', '7', '897', '897', '[{\"level\":\"Elementary\",\"name_of_school\":\"897\",\"date_attended\":\"987\",\"degree_earned\":\"897\"},{\"level\":\"High School\",\"name_of_school\":\"897\",\"date_attended\":\"987\",\"degree_earned\":\"98\"},{\"level\":\"Vocational\",\"name_of_school\":\"87\",\"date_attended\":\"897\",\"degree_earned\":\"987\"},{\"level\":\"College\",\"name_of_school\":\"89\",\"date_attended\":\"98798\",\"degree_earned\":\"7\"},{\"level\":\"Post Graduate\",\"name_of_school\":\"897\",\"date_attended\":\"89\",\"degree_earned\":\"798\"}]', '[{\"date\":\"8979\",\"company\":\"87\",\"address\":\"987\",\"position\":\"8\"}]')
INSERT INTO employees (name, position, department, date_hired, address, status, telephone, cellphone, birthdate, birthplace, tin_number, civil_status, sex, sss_number, nationality, weight, height, educational_background, employment_record) 
        VALUES ('Hans Christian Lawas', 'IT ', 'JAV INDUSTRY', '2525-04-05', 'JAPAN OSAKA', 'HIRED', '092392398', '09123901', '2020-02-25', 'DIYAN LANG', '111111111', 'MARRIED', 'MADALAS DALAS', '123123', 'ASPIN', '85', '6', '[{\"level\":\"Elementary\",\"name_of_school\":\"ELEM\",\"date_attended\":\"2012\",\"degree_earned\":\"\"},{\"level\":\"High School\",\"name_of_school\":\"JHS\",\"date_attended\":\"2018\",\"degree_earned\":\"\"},{\"level\":\"Vocational\",\"name_of_school\":\"PSU\",\"date_attended\":\"2020\",\"degree_earned\":\"\"},{\"level\":\"College\",\"name_of_school\":\"CVSU\",\"date_attended\":\"2022 PRESENT\",\"degree_earned\":\"\"},{\"level\":\"Post Graduate\",\"name_of_school\":\"\",\"date_attended\":\"\",\"degree_earned\":\"\"}]', '[{\"date\":\"\",\"company\":\"\",\"address\":\"\",\"position\":\"\"}]')
INSERT INTO employees (name, position, department, date_hired, address, status, telephone, cellphone, birthdate, birthplace, tin_number, civil_status, sex, sss_number, nationality, weight, height, educational_background, employment_record) 
        VALUES ('Bernardo E. Casio', 'WELDER', 'EWAN', '3333-03-12', 'TAGA DIYAN LANG', 'II', '230303', '09210939301', '5525-02-25', 'DIYAN LANG', '123123', 'MARRIED', 'MADALAS', '123123', 'PINOY', '65', '5', '[{\"level\":\"Elementary\",\"name_of_school\":\"ELEM\",\"date_attended\":\"2022\",\"degree_earned\":\"\"},{\"level\":\"High School\",\"name_of_school\":\"JHS\",\"date_attended\":\"2022\",\"degree_earned\":\"\"},{\"level\":\"Vocational\",\"name_of_school\":\"\",\"date_attended\":\"\",\"degree_earned\":\"\"},{\"level\":\"College\",\"name_of_school\":\"\",\"date_attended\":\"\",\"degree_earned\":\"\"},{\"level\":\"Post Graduate\",\"name_of_school\":\"\",\"date_attended\":\"\",\"degree_earned\":\"\"}]', '[{\"date\":\"\",\"company\":\"\",\"address\":\"\",\"position\":\"\"}]')
INSERT INTO employees (name, position, department, date_hired, address, status, telephone, cellphone, birthdate, birthplace, tin_number, civil_status, sex, sss_number, nationality, weight, height, educational_background, employment_record) 
        VALUES ('Pj', 'IT', 'IT DEP', '2025-03-10', 'Imus', 'HIred', '1293890', '9890809', '5223-02-06', 'IMUS', '2323232', 'MARRIED', 'MADALAS', '2323', 'PINOY', '65', '65', '[{\"level\":\"Elementary\",\"name_of_school\":\"ELEM\",\"date_attended\":\"2023\",\"degree_earned\":\"\"},{\"level\":\"High School\",\"name_of_school\":\"JHS\",\"date_attended\":\"2025\",\"degree_earned\":\"\"},{\"level\":\"Vocational\",\"name_of_school\":\"TVL\",\"date_attended\":\"50525\",\"degree_earned\":\"\"},{\"level\":\"College\",\"name_of_school\":\"CVSU\",\"date_attended\":\"2025\",\"degree_earned\":\"\"},{\"level\":\"Post Graduate\",\"name_of_school\":\"\",\"date_attended\":\"\",\"degree_earned\":\"\"}]', '[{\"date\":\"\",\"company\":\"\",\"address\":\"\",\"position\":\"\"}]')
